Change Component Designator: Old Designator=*1 New Designator=*3
Change Component Designator: Old Designator=*2 New Designator=*1
Change Component Designator: Old Designator=*3 New Designator=*2
Change Component Designator: Old Designator=C1 New Designator=C9
Change Component Designator: Old Designator=C3 New Designator=C14
Change Component Designator: Old Designator=C4 New Designator=C15
Change Component Designator: Old Designator=C5 New Designator=C10
Change Component Designator: Old Designator=C6 New Designator=C11
Change Component Designator: Old Designator=C7 New Designator=C12
Change Component Designator: Old Designator=C8 New Designator=C13
Change Component Designator: Old Designator=C8 New Designator=C16
Change Component Designator: Old Designator=C9 New Designator=C1
Change Component Designator: Old Designator=C9 New Designator=C17
Change Component Designator: Old Designator=C10 New Designator=C18
Change Component Designator: Old Designator=C11 New Designator=C27
Change Component Designator: Old Designator=C12 New Designator=C2
Change Component Designator: Old Designator=C12 New Designator=C20
Change Component Designator: Old Designator=C13 New Designator=C4
Change Component Designator: Old Designator=C14 New Designator=C5
Change Component Designator: Old Designator=C15 New Designator=C6
Change Component Designator: Old Designator=C18 New Designator=C8
Change Component Designator: Old Designator=C20 New Designator=C24
Change Component Designator: Old Designator=C21 New Designator=C26
Change Component Designator: Old Designator=C? New Designator=C3
Change Component Designator: Old Designator=C? New Designator=C7
Change Component Designator: Old Designator=C? New Designator=C19
Change Component Designator: Old Designator=C? New Designator=C21
Change Component Designator: Old Designator=C? New Designator=C22
Change Component Designator: Old Designator=C? New Designator=C23
Change Component Designator: Old Designator=C? New Designator=C25
Change Component Designator: Old Designator=D3 New Designator=D4
Change Component Designator: Old Designator=D4 New Designator=D6
Change Component Designator: Old Designator=D5 New Designator=D7
Change Component Designator: Old Designator=D5 New Designator=D8
Change Component Designator: Old Designator=D6 New Designator=D5
Change Component Designator: Old Designator=D7 New Designator=D9
Change Component Designator: Old Designator=D8 New Designator=D10
Change Component Designator: Old Designator=D9 New Designator=D11
Change Component Designator: Old Designator=D10 New Designator=D12
Change Component Designator: Old Designator=D12 New Designator=D13
Change Component Designator: Old Designator=DZ1 New Designator=DZ3
Change Component Designator: Old Designator=DZ2 New Designator=DZ4
Change Component Designator: Old Designator=DZ3 New Designator=DZ5
Change Component Designator: Old Designator=DZ4 New Designator=DZ6
Change Component Designator: Old Designator=DZ5 New Designator=DZ1
Change Component Designator: Old Designator=DZ6 New Designator=DZ2
Change Component Designator: Old Designator=J? New Designator=J1
Change Component Designator: Old Designator=L? New Designator=L2
Change Component Designator: Old Designator=L? New Designator=L3
Change Component Designator: Old Designator=L? New Designator=L4
Change Component Designator: Old Designator=L? New Designator=L5
Change Component Designator: Old Designator=L? New Designator=L6
Change Component Designator: Old Designator=R1 New Designator=R14
Change Component Designator: Old Designator=R2 New Designator=R15
Change Component Designator: Old Designator=R4 New Designator=R20
Change Component Designator: Old Designator=R8 New Designator=R10
Change Component Designator: Old Designator=R9 New Designator=R11
Change Component Designator: Old Designator=R10 New Designator=R12
Change Component Designator: Old Designator=R11 New Designator=R13
Change Component Designator: Old Designator=R12 New Designator=R16
Change Component Designator: Old Designator=R13 New Designator=R17
Change Component Designator: Old Designator=R14 New Designator=R18
Change Component Designator: Old Designator=R15 New Designator=R19
Change Component Designator: Old Designator=R17 New Designator=R22
Change Component Designator: Old Designator=R18 New Designator=R1
Change Component Designator: Old Designator=R19 New Designator=R2
Change Component Designator: Old Designator=R21 New Designator=R3
Change Component Designator: Old Designator=R22 New Designator=R24
Change Component Designator: Old Designator=R23 New Designator=R4
Change Component Designator: Old Designator=R24 New Designator=R5
Change Component Designator: Old Designator=R25 New Designator=R6
Change Component Designator: Old Designator=R26 New Designator=R7
Change Component Designator: Old Designator=R27 New Designator=R8
Change Component Designator: Old Designator=R28 New Designator=R9
Change Component Designator: Old Designator=R? New Designator=R21
Change Component Designator: Old Designator=R? New Designator=R23
Change Component Designator: Old Designator=R? New Designator=R25
Change Component Designator: Old Designator=S3 New Designator=S2
Change Component Designator: Old Designator=S4 New Designator=S1
Change Component Designator: Old Designator=SB New Designator=SB2
Change Component Designator: Old Designator=SB? New Designator=SB1
Change Component Designator: Old Designator=U? New Designator=U1
Change Component Designator: Old Designator=X1 New Designator=X2
Change Component Designator: Old Designator=X? New Designator=X1
