Added Component: Designator=*1(LOXO_433_NGANG)
Add component. Clean all parameters for all variants
Added Component: Designator=*2(SOT23-123)
Add component. Clean all parameters for all variants
Added Component: Designator=*3(SOT23-123)
Add component. Clean all parameters for all variants
Added Component: Designator=*TP1(TP)
Add component. Clean all parameters for all variants
Added Component: Designator=*TP2(TP)
Add component. Clean all parameters for all variants
Added Component: Designator=B1(SOT65P280X100-8N)
Add component. Clean all parameters for all variants
Add component (AddParameter): Name = "Arrow Part Number"; Value = "MP2315GJ-Z"; VariantName = "[No Variations]"
Add component (AddParameter): Name = "Arrow Price/Stock"; Value = ""; VariantName = "[No Variations]"
Add component (AddParameter): Name = "Datasheet Link"; Value = "https://componentsearchengine.com/Datasheets/1/MP2315GJ-Z.pdf"; VariantName = "[No Variations]"
Add component (AddParameter): Name = "Geometry.Height"; Value = "1mm"; VariantName = "[No Variations]"
Add component (AddParameter): Name = "Manufacturer_Name"; Value = "Monolithic Power Systems (MPS)"; VariantName = "[No Variations]"
Add component (AddParameter): Name = "Manufacturer_Part_Number"; Value = "MP2315GJ-Z"; VariantName = "[No Variations]"
Add component (AddParameter): Name = "RS Part Number"; Value = ""; VariantName = "[No Variations]"
Add component (AddParameter): Name = "RS Price/Stock"; Value = ""; VariantName = "[No Variations]"
Added Component: Designator=C1(JP4-C1T)
Add component. Clean all parameters for all variants
Add component (AddParameter): Name = "ComponentLink1 Description"; Value = "Manufacturer"; VariantName = "[No Variations]"
Add component (AddParameter): Name = "ComponentLink1URL"; Value = "http://www.we-online.com"; VariantName = "[No Variations]"
Add component (AddParameter): Name = "ComponentLink2 Description"; Value = "Datasheet"; VariantName = "[No Variations]"
Add component (AddParameter): Name = "ComponentLink2URL"; Value = "http://katalog.we-online.de/em/datasheet/6130xx143121.pdf"; VariantName = "[No Variations]"
Add component (AddParameter): Name = "Created by"; Value = "Karrer Zheng"; VariantName = "[No Variations]"
Add component (AddParameter): Name = "Created Date"; Value = "29 March 2013"; VariantName = "[No Variations]"
Add component (AddParameter): Name = "Manufacturer"; Value = "W¨¹rth Elektronik eiSos GmbH"; VariantName = "[No Variations]"
Add component (AddParameter): Name = "NoPins"; Value = "04"; VariantName = "[No Variations]"
Add component (AddParameter): Name = "partNo"; Value = "613004143121"; VariantName = "[No Variations]"
Added Component: Designator=C2(SM-0805)
Add component. Clean all parameters for all variants
Add component (AddParameter): Name = "Value"; Value = "103"; VariantName = "[No Variations]"
Added Component: Designator=C3(SM-0805)
Add component. Clean all parameters for all variants
Add component (AddParameter): Name = "Value"; Value = "103"; VariantName = "[No Variations]"
Added Component: Designator=C4(SM-0805)
Add component. Clean all parameters for all variants
Add component (AddParameter): Name = "Value"; Value = "103"; VariantName = "[No Variations]"
Added Component: Designator=C5(SM-0805)
Add component. Clean all parameters for all variants
Add component (AddParameter): Name = "Value"; Value = "103"; VariantName = "[No Variations]"
Added Component: Designator=C6(SM-0805)
Add component. Clean all parameters for all variants
Add component (AddParameter): Name = "Value"; Value = "103"; VariantName = "[No Variations]"
Added Component: Designator=C7(SM-0805)
Add component. Clean all parameters for all variants
Add component (AddParameter): Name = "Value"; Value = "103"; VariantName = "[No Variations]"
Added Component: Designator=C8(SM-0805)
Add component. Clean all parameters for all variants
Add component (AddParameter): Name = "Value"; Value = "103"; VariantName = "[No Variations]"
Added Component: Designator=C9(SM-0805)
Add component. Clean all parameters for all variants
Add component (AddParameter): Name = "Value"; Value = "103"; VariantName = "[No Variations]"
Added Component: Designator=C10(SM-0805)
Add component. Clean all parameters for all variants
Add component (AddParameter): Name = "Value"; Value = "103"; VariantName = "[No Variations]"
Added Component: Designator=C11(SM-0805)
Add component. Clean all parameters for all variants
Add component (AddParameter): Name = "Value"; Value = "103"; VariantName = "[No Variations]"
Added Component: Designator=C12(SM-0805)
Add component. Clean all parameters for all variants
Add component (AddParameter): Name = "Value"; Value = "103"; VariantName = "[No Variations]"
Added Component: Designator=C13(SM-0805)
Add component. Clean all parameters for all variants
Add component (AddParameter): Name = "Value"; Value = "103"; VariantName = "[No Variations]"
Added Component: Designator=C14(SM-0805)
Add component. Clean all parameters for all variants
Add component (AddParameter): Name = "Value"; Value = "103"; VariantName = "[No Variations]"
Added Component: Designator=C15(CP1.5/3.4)
Add component. Clean all parameters for all variants
Add component (AddParameter): Name = "Description 1"; Value = "2200uF-3300uF/6,3V - 1000uF-2200uF/10V"; VariantName = "[No Variations]"
Add component (AddParameter): Name = "Description 2"; Value = "1000uF/16V - 470uF => 1000uF/25V - 100uF/100V"; VariantName = "[No Variations]"
Add component (AddParameter): Name = "Description 3"; Value = "330uF>470uF/35V_220uF>470uF/50V_10uF>22uF/250V"; VariantName = "[No Variations]"
Add component (AddParameter): Name = "Description 4"; Value = "220uF => 330uF/63V - 10uF =>33uF/160 - 200V"; VariantName = "[No Variations]"
Add component (AddParameter): Name = "Description 5"; Value = "4,7uF>10uF/250V_3,3uF>10uF/400V - 2,2uF>4,7uF/450V"; VariantName = "[No Variations]"
Add component (AddParameter): Name = "Value"; Value = "1000uF/16V"; VariantName = "[No Variations]"
Added Component: Designator=C16(CP1.5/3.4)
Add component. Clean all parameters for all variants
Add component (AddParameter): Name = "Description 1"; Value = "2200uF-3300uF/6,3V - 1000uF-2200uF/10V"; VariantName = "[No Variations]"
Add component (AddParameter): Name = "Description 2"; Value = "1000uF/16V - 470uF => 1000uF/25V - 100uF/100V"; VariantName = "[No Variations]"
Add component (AddParameter): Name = "Description 3"; Value = "330uF>470uF/35V_220uF>470uF/50V_10uF>22uF/250V"; VariantName = "[No Variations]"
Add component (AddParameter): Name = "Description 4"; Value = "220uF => 330uF/63V - 10uF =>33uF/160 - 200V"; VariantName = "[No Variations]"
Add component (AddParameter): Name = "Description 5"; Value = "4,7uF>10uF/250V_3,3uF>10uF/400V - 2,2uF>4,7uF/450V"; VariantName = "[No Variations]"
Add component (AddParameter): Name = "Value"; Value = "1000uF/16V"; VariantName = "[No Variations]"
Added Component: Designator=C17(JP6-D2T)
Add component. Clean all parameters for all variants
Add component (AddParameter): Name = "ComponentLink1 Description"; Value = "Manufacturer"; VariantName = "[No Variations]"
Add component (AddParameter): Name = "ComponentLink1URL"; Value = "http://www.we-online.com"; VariantName = "[No Variations]"
Add component (AddParameter): Name = "ComponentLink2 Description"; Value = "Datasheet"; VariantName = "[No Variations]"
Add component (AddParameter): Name = "ComponentLink2URL"; Value = "http://katalog.we-online.de/em/datasheet/6130xx21821.pdf"; VariantName = "[No Variations]"
Add component (AddParameter): Name = "Created by"; Value = "Karrer Zheng"; VariantName = "[No Variations]"
Add component (AddParameter): Name = "Created Date"; Value = "29 March 2013"; VariantName = "[No Variations]"
Add component (AddParameter): Name = "Manufacturer"; Value = "W¨¹rth Elektronik eiSos GmbH"; VariantName = "[No Variations]"
Add component (AddParameter): Name = "NoPins"; Value = "12"; VariantName = "[No Variations]"
Add component (AddParameter): Name = "partNo"; Value = "61301221821"; VariantName = "[No Variations]"
Added Component: Designator=C18(SM-0805)
Add component. Clean all parameters for all variants
Add component (AddParameter): Name = "Value"; Value = "103"; VariantName = "[No Variations]"
Added Component: Designator=C19(CP1.5/3.4)
Add component. Clean all parameters for all variants
Add component (AddParameter): Name = "Description 1"; Value = "1000uF/6,3V - 470uF/16V - 330uF - 25V"; VariantName = "[No Variations]"
Add component (AddParameter): Name = "Description 2"; Value = "220uF/35V - 100uF/50V - 63V - 4,7uF/200V"; VariantName = "[No Variations]"
Add component (AddParameter): Name = "Description 3"; Value = "22uF => 33uF100V - 3,3uF => 4,7uF/250V"; VariantName = "[No Variations]"
Add component (AddParameter): Name = "Description 4"; Value = "2,2uF =>3,3uF/350 - 2,2uF/400V - 1uF/450V"; VariantName = "[No Variations]"
Add component (AddParameter): Name = "Value"; Value = "100uF/35V/50V"; VariantName = "[No Variations]"
Added Component: Designator=C20(SM-0805)
Add component. Clean all parameters for all variants
Add component (AddParameter): Name = "Value"; Value = "103"; VariantName = "[No Variations]"
Added Component: Designator=C21(SM-0805)
Add component. Clean all parameters for all variants
Add component (AddParameter): Name = "Value"; Value = "103"; VariantName = "[No Variations]"
Added Component: Designator=C22(CAPPRD500W95D1350H750)
Add component. Clean all parameters for all variants
Add component (AddParameter): Name = "Allied_Number"; Value = "70256182"; VariantName = "[No Variations]"
Add component (AddParameter): Name = "Allied Price/Stock"; Value = "https://www.alliedelec.com/panasonic-eec-f5r5u224/70256182/"; VariantName = "[No Variations]"
Add component (AddParameter): Name = "Datasheet Link"; Value = "https://industrial.panasonic.com/cdbs/www-data/pdf/RDG0000/ABC0000C90.pdf"; VariantName = "[No Variations]"
Add component (AddParameter): Name = "Height"; Value = "7.5mm"; VariantName = "[No Variations]"
Add component (AddParameter): Name = "Manufacturer_Name"; Value = "Panasonic"; VariantName = "[No Variations]"
Add component (AddParameter): Name = "Manufacturer_Part_Number"; Value = "EEC-F5R5U224"; VariantName = "[No Variations]"
Add component (AddParameter): Name = "Mouser Part Number"; Value = "667-EEC-F5R5U224"; VariantName = "[No Variations]"
Add component (AddParameter): Name = "Mouser Price/Stock"; Value = "https://www.mouser.com/Search/Refine.aspx?Keyword=667-EEC-F5R5U224"; VariantName = "[No Variations]"
Add component (AddParameter): Name = "RS Part Number"; Value = ""; VariantName = "[No Variations]"
Add component (AddParameter): Name = "RS Price/Stock"; Value = ""; VariantName = "[No Variations]"
Added Component: Designator=D1(DIO-SMD-106)
Add component. Clean all parameters for all variants
Added Component: Designator=D2(DIO-SMD-123)
Add component. Clean all parameters for all variants
Added Component: Designator=D3(DIO-SMD-123)
Add component. Clean all parameters for all variants
Added Component: Designator=D4(DIO-SMD-106)
Add component. Clean all parameters for all variants
Added Component: Designator=D5(DIO 4S4P1414H)
Add component. Clean all parameters for all variants
Added Component: Designator=D6(DIO-SMD-123)
Add component. Clean all parameters for all variants
Added Component: Designator=D7(DIO-SMD-106)
Add component. Clean all parameters for all variants
Added Component: Designator=D8(DIO 4S4P1414H)
Add component. Clean all parameters for all variants
Added Component: Designator=D9(DIO-SMD-106)
Add component. Clean all parameters for all variants
Added Component: Designator=D10(DIO 4S4P1414H)
Add component. Clean all parameters for all variants
Added Component: Designator=D11(DIO-SMD-123)
Add component. Clean all parameters for all variants
Added Component: Designator=D12(DIO-SMD-106)
Add component. Clean all parameters for all variants
Added Component: Designator=DZ1(DIOS 1S2P1408H)
Add component. Clean all parameters for all variants
Added Component: Designator=DZ2(DIOS 1S2P1408H)
Add component. Clean all parameters for all variants
Added Component: Designator=DZ3(DIOS 1S2P1408H)
Add component. Clean all parameters for all variants
Added Component: Designator=DZ4(DIOS 1S2P1408H)
Add component. Clean all parameters for all variants
Added Component: Designator=DZ5(DIOS 1S2P1408H)
Add component. Clean all parameters for all variants
Added Component: Designator=DZ6(DIOS 1S2P2010H)
Add component. Clean all parameters for all variants
Added Component: Designator=L1(IND 4532-2P)
Add component. Clean all parameters for all variants
Added Component: Designator=LED1(SM-LED-0805-Blue)
Add component. Clean all parameters for all variants
Added Component: Designator=LED2(SM-LED-0805-Blue)
Add component. Clean all parameters for all variants
Added Component: Designator=M1(CC1101 UART HC11)
Add component. Clean all parameters for all variants
Added Component: Designator=MU1(MPU6050)
Add component. Clean all parameters for all variants
Add component (AddParameter): Name = "ComponentLink1 Description"; Value = "Manufacturer"; VariantName = "[No Variations]"
Add component (AddParameter): Name = "ComponentLink1URL"; Value = "http://www.we-online.com"; VariantName = "[No Variations]"
Add component (AddParameter): Name = "ComponentLink2 Description"; Value = "Datasheet"; VariantName = "[No Variations]"
Add component (AddParameter): Name = "ComponentLink2URL"; Value = "http://katalog.we-online.de/em/datasheet/6130xx143121.pdf"; VariantName = "[No Variations]"
Add component (AddParameter): Name = "Created by"; Value = "Karrer Zheng"; VariantName = "[No Variations]"
Add component (AddParameter): Name = "Created Date"; Value = "29 March 2013"; VariantName = "[No Variations]"
Add component (AddParameter): Name = "Manufacturer"; Value = "W¨¹rth Elektronik eiSos GmbH"; VariantName = "[No Variations]"
Add component (AddParameter): Name = "NoPins"; Value = "04"; VariantName = "[No Variations]"
Add component (AddParameter): Name = "partNo"; Value = "613004143121"; VariantName = "[No Variations]"
Added Component: Designator=Q1(SOT23-231)
Add component. Clean all parameters for all variants
Add component (AddParameter): Name = ""; Value = "C2383"; VariantName = "[No Variations]"
Add component (AddParameter): Name = "Value"; Value = "C1815"; VariantName = "[No Variations]"
Added Component: Designator=Q2(SOT23-231)
Add component. Clean all parameters for all variants
Add component (AddParameter): Name = ""; Value = "C2383"; VariantName = "[No Variations]"
Add component (AddParameter): Name = "Value"; Value = "C1815"; VariantName = "[No Variations]"
Added Component: Designator=R1(RES-SMD-0805)
Add component. Clean all parameters for all variants
Added Component: Designator=R2(RES-SMD-0805)
Add component. Clean all parameters for all variants
Added Component: Designator=R3(RES-SMD-0805)
Add component. Clean all parameters for all variants
Added Component: Designator=R4(RES-SMD-0805)
Add component. Clean all parameters for all variants
Added Component: Designator=R5(RES-SMD-0805)
Add component. Clean all parameters for all variants
Added Component: Designator=R6(RES-SMD-0805)
Add component. Clean all parameters for all variants
Added Component: Designator=R7(RES-SMD-0805)
Add component. Clean all parameters for all variants
Added Component: Designator=R8(RES-SMD-0805)
Add component. Clean all parameters for all variants
Added Component: Designator=R9(RES-SMD-0805)
Add component. Clean all parameters for all variants
Added Component: Designator=R10(RES-SMD-0805)
Add component. Clean all parameters for all variants
Added Component: Designator=R11(RES-SMD-0805)
Add component. Clean all parameters for all variants
Added Component: Designator=R12(RES-SMD-0805)
Add component. Clean all parameters for all variants
Added Component: Designator=R13(RES-SMD-0805)
Add component. Clean all parameters for all variants
Added Component: Designator=R14(RES-SMD-0805)
Add component. Clean all parameters for all variants
Added Component: Designator=R15(RES-SMD-0805)
Add component. Clean all parameters for all variants
Added Component: Designator=R16(RES-SMD-0805)
Add component. Clean all parameters for all variants
Added Component: Designator=R17(RES-SMD-0805)
Add component. Clean all parameters for all variants
Added Component: Designator=R18(RES-SMD-0805)
Add component. Clean all parameters for all variants
Added Component: Designator=R19(RES-SMD-0805)
Add component. Clean all parameters for all variants
Added Component: Designator=R20(RES-SMD-0805)
Add component. Clean all parameters for all variants
Added Component: Designator=R21(RES-SMD-0805)
Add component. Clean all parameters for all variants
Added Component: Designator=R22(RES-SMD-0805)
Add component. Clean all parameters for all variants
Added Component: Designator=R23(RES-SMD-0805)
Add component. Clean all parameters for all variants
Added Component: Designator=R24(RES-SMD-0805)
Add component. Clean all parameters for all variants
Added Component: Designator=R25(RES-SMD-0805)
Add component. Clean all parameters for all variants
Added Component: Designator=R26(RES-SMD-0805)
Add component. Clean all parameters for all variants
Added Component: Designator=R27(RES-SMD-0805)
Add component. Clean all parameters for all variants
Added Component: Designator=R28(RES-SMD-0805)
Add component. Clean all parameters for all variants
Added Component: Designator=S1(BUTTON-SMD 2PIN)
Add component. Clean all parameters for all variants
Add component (AddParameter): Name = "LatestRevisionDate"; Value = "17-Jul-2002"; VariantName = "[No Variations]"
Add component (AddParameter): Name = "LatestRevisionNote"; Value = "Re-released for DXP Platform."; VariantName = "[No Variations]"
Add component (AddParameter): Name = "PackageReference"; Value = "SPST-2"; VariantName = "[No Variations]"
Add component (AddParameter): Name = "Published"; Value = "24-Mar-1999"; VariantName = "[No Variations]"
Add component (AddParameter): Name = "Publisher"; Value = "Altium Limited"; VariantName = "[No Variations]"
Added Component: Designator=S2(BUTTON-SMD 2PIN)
Add component. Clean all parameters for all variants
Add component (AddParameter): Name = "LatestRevisionDate"; Value = "17-Jul-2002"; VariantName = "[No Variations]"
Add component (AddParameter): Name = "LatestRevisionNote"; Value = "Re-released for DXP Platform."; VariantName = "[No Variations]"
Add component (AddParameter): Name = "PackageReference"; Value = "SPST-2"; VariantName = "[No Variations]"
Add component (AddParameter): Name = "Published"; Value = "24-Mar-1999"; VariantName = "[No Variations]"
Add component (AddParameter): Name = "Publisher"; Value = "Altium Limited"; VariantName = "[No Variations]"
Added Component: Designator=SB1(SB)
Add component. Clean all parameters for all variants
Added Component: Designator=SC1(SuperCapacitor)
Add component. Clean all parameters for all variants
Added Component: Designator=U1(ESP8266 ESP_12)
Add component. Clean all parameters for all variants
Add component (AddParameter): Name = "IC"; Value = "ESP8266-EX"; VariantName = "[No Variations]"
Add component (AddParameter): Name = "LatestReviewer"; Value = "Zion Blue"; VariantName = "[No Variations]"
Add component (AddParameter): Name = "LatestRevisionData"; Value = "14-Apr-2015"; VariantName = "[No Variations]"
Add component (AddParameter): Name = "LatestRevisionNote"; Value = "Include 3D body and Footprint"; VariantName = "[No Variations]"
Add component (AddParameter): Name = "Published"; Value = "14-Apr-2015"; VariantName = "[No Variations]"
Add component (AddParameter): Name = "Publisher"; Value = "Cynetik Group"; VariantName = "[No Variations]"
Add component (AddParameter): Name = "Vendor"; Value = "Ai-thinker"; VariantName = "[No Variations]"
Added Component: Designator=U2(SO16)
Add component. Clean all parameters for all variants
Add component (AddParameter): Name = "ComponentLink1Description"; Value = "Manufacturer Link"; VariantName = "[No Variations]"
Add component (AddParameter): Name = "ComponentLink1URL"; Value = "http://www.irf.com/"; VariantName = "[No Variations]"
Add component (AddParameter): Name = "ComponentLink2Description"; Value = "Datasheet"; VariantName = "[No Variations]"
Add component (AddParameter): Name = "ComponentLink2URL"; Value = "http://www.irf.com/product-info/datasheets/data/ir2110.pdf"; VariantName = "[No Variations]"
Add component (AddParameter): Name = "DatasheetVersion"; Value = "PD60147J"; VariantName = "[No Variations]"
Add component (AddParameter): Name = "LatestRevisionDate"; Value = "04-Mar-2005"; VariantName = "[No Variations]"
Add component (AddParameter): Name = "LatestRevisionNote"; Value = "Stylized 3D Model Added."; VariantName = "[No Variations]"
Add component (AddParameter): Name = "Note"; Value = "Pins 4, 8 and 14 are not connected"; VariantName = "[No Variations]"
Add component (AddParameter): Name = "PackageDescription"; Value = "DIP; 14 Leads; Row Spacing 7.62 mm; Pitch 2.54 mm"; VariantName = "[No Variations]"
Add component (AddParameter): Name = "PackageReference"; Value = "PDIP14"; VariantName = "[No Variations]"
Add component (AddParameter): Name = "Published"; Value = "8-Jun-2000"; VariantName = "[No Variations]"
Add component (AddParameter): Name = "Publisher"; Value = "Altium Limited"; VariantName = "[No Variations]"
Added Component: Designator=USB1(USB-M1)
Add component. Clean all parameters for all variants
Added Component: Designator=X1(XT2)
Add component. Clean all parameters for all variants
Add component (AddParameter): Name = "Value"; Value = "4Mhz"; VariantName = "[No Variations]"
Added Pin To Net: NetName=3V3 Pin=*2-2
Added Pin To Net: NetName=3V3 Pin=C1-1
Added Pin To Net: NetName=3V3 Pin=C3-2
Added Pin To Net: NetName=3V3 Pin=C11-2
Added Pin To Net: NetName=3V3 Pin=C14-2
Added Pin To Net: NetName=3V3 Pin=C16-1
Added Pin To Net: NetName=3V3 Pin=D2-2
Added Pin To Net: NetName=3V3 Pin=D3-2
Added Pin To Net: NetName=3V3 Pin=DZ5-2
Added Pin To Net: NetName=3V3 Pin=DZ6-2
Added Pin To Net: NetName=3V3 Pin=M1-1
Added Pin To Net: NetName=3V3 Pin=MU1-1
Added Pin To Net: NetName=3V3 Pin=R1-2
Added Pin To Net: NetName=3V3 Pin=R2-2
Added Pin To Net: NetName=3V3 Pin=R3-2
Added Pin To Net: NetName=3V3 Pin=R4-2
Added Pin To Net: NetName=3V3 Pin=R5-2
Added Pin To Net: NetName=3V3 Pin=R16-2
Added Pin To Net: NetName=3V3 Pin=U1-8
Added Net: Name=3V3
Added Pin To Net: NetName=4V Pin=*TP2-1
Added Pin To Net: NetName=4V Pin=C13-2
Added Pin To Net: NetName=4V Pin=C15-1
Added Pin To Net: NetName=4V Pin=C18-2
Added Pin To Net: NetName=4V Pin=D2-1
Added Pin To Net: NetName=4V Pin=L1-2
Added Pin To Net: NetName=4V Pin=R24-1
Added Pin To Net: NetName=4V Pin=R25-1
Added Pin To Net: NetName=4V Pin=R26-1
Added Net: Name=4V
Added Pin To Net: NetName=5V Pin=D1-1
Added Pin To Net: NetName=5V Pin=D12-2
Added Pin To Net: NetName=5V Pin=U2-16
Added Net: Name=5V
Added Pin To Net: NetName=ADC_POWER Pin=C8-2
Added Pin To Net: NetName=ADC_POWER Pin=DZ4-2
Added Pin To Net: NetName=ADC_POWER Pin=R11-2
Added Pin To Net: NetName=ADC_POWER Pin=R15-1
Added Pin To Net: NetName=ADC_POWER Pin=U1-2
Added Net: Name=ADC_POWER
Added Pin To Net: NetName=DTR Pin=Q2-1
Added Pin To Net: NetName=DTR Pin=R17-2
Added Pin To Net: NetName=DTR Pin=U2-13
Added Net: Name=DTR
Added Pin To Net: NetName=EN Pin=C2-2
Added Pin To Net: NetName=EN Pin=Q1-3
Added Pin To Net: NetName=EN Pin=R3-1
Added Pin To Net: NetName=EN Pin=U1-3
Added Net: Name=EN
Added Pin To Net: NetName=ESP_RX Pin=M1-4
Added Pin To Net: NetName=ESP_RX Pin=U1-15
Added Pin To Net: NetName=ESP_RX Pin=U2-2
Added Net: Name=ESP_RX
Added Pin To Net: NetName=ESP_TX Pin=D11-2
Added Pin To Net: NetName=ESP_TX Pin=M1-3
Added Pin To Net: NetName=ESP_TX Pin=SB1-1
Added Pin To Net: NetName=ESP_TX Pin=U1-16
Added Net: Name=ESP_TX
Added Pin To Net: NetName=GND Pin=B1-4
Added Pin To Net: NetName=GND Pin=C1-3
Added Pin To Net: NetName=GND Pin=C2-1
Added Pin To Net: NetName=GND Pin=C3-1
Added Pin To Net: NetName=GND Pin=C4-1
Added Pin To Net: NetName=GND Pin=C5-1
Added Pin To Net: NetName=GND Pin=C6-1
Added Pin To Net: NetName=GND Pin=C7-1
Added Pin To Net: NetName=GND Pin=C8-1
Added Pin To Net: NetName=GND Pin=C9-2
Added Pin To Net: NetName=GND Pin=C10-1
Added Pin To Net: NetName=GND Pin=C11-1
Added Pin To Net: NetName=GND Pin=C13-1
Added Pin To Net: NetName=GND Pin=C14-1
Added Pin To Net: NetName=GND Pin=C15-2
Added Pin To Net: NetName=GND Pin=C16-2
Added Pin To Net: NetName=GND Pin=C19-2
Added Pin To Net: NetName=GND Pin=C20-2
Added Pin To Net: NetName=GND Pin=C21-2
Added Pin To Net: NetName=GND Pin=D5-4
Added Pin To Net: NetName=GND Pin=D8-4
Added Pin To Net: NetName=GND Pin=D10-4
Added Pin To Net: NetName=GND Pin=DZ1-1
Added Pin To Net: NetName=GND Pin=DZ2-1
Added Pin To Net: NetName=GND Pin=DZ3-1
Added Pin To Net: NetName=GND Pin=DZ4-1
Added Pin To Net: NetName=GND Pin=DZ5-1
Added Pin To Net: NetName=GND Pin=DZ6-1
Added Pin To Net: NetName=GND Pin=M1-2
Added Pin To Net: NetName=GND Pin=M1-2
Added Pin To Net: NetName=GND Pin=M1-2
Added Pin To Net: NetName=GND Pin=MU1-2
Added Pin To Net: NetName=GND Pin=MU1-2
Added Pin To Net: NetName=GND Pin=MU1-2
Added Pin To Net: NetName=GND Pin=R12-2
Added Pin To Net: NetName=GND Pin=R13-2
Added Pin To Net: NetName=GND Pin=R14-2
Added Pin To Net: NetName=GND Pin=R15-2
Added Pin To Net: NetName=GND Pin=R18-2
Added Pin To Net: NetName=GND Pin=R20-1
Added Pin To Net: NetName=GND Pin=R28-2
Added Pin To Net: NetName=GND Pin=S1-2
Added Pin To Net: NetName=GND Pin=S2-2
Added Pin To Net: NetName=GND Pin=SC1-2
Added Pin To Net: NetName=GND Pin=U1-9
Added Pin To Net: NetName=GND Pin=U2-1
Added Pin To Net: NetName=GND Pin=USB1-5
Added Pin To Net: NetName=GND Pin=USB1-5
Added Pin To Net: NetName=GND Pin=USB1-5
Added Net: Name=GND
Added Pin To Net: NetName=GPIO_LED Pin=LED2-2
Added Pin To Net: NetName=GPIO_LED Pin=R6-1
Added Pin To Net: NetName=GPIO_LED Pin=U1-4
Added Net: Name=GPIO_LED
Added Pin To Net: NetName=GREEN Pin=D4-1
Added Pin To Net: NetName=GREEN Pin=D5-1
Added Pin To Net: NetName=GREEN Pin=R10-1
Added Net: Name=GREEN
Added Pin To Net: NetName=IO0 Pin=C10-2
Added Pin To Net: NetName=IO0 Pin=Q2-3
Added Pin To Net: NetName=IO0 Pin=R16-1
Added Pin To Net: NetName=IO0 Pin=S2-1
Added Pin To Net: NetName=IO0 Pin=U1-12
Added Net: Name=IO0
Added Pin To Net: NetName=Net*1_1 Pin=*1-1
Added Pin To Net: NetName=Net*1_1 Pin=M1-6
Added Pin To Net: NetName=Net*1_1 Pin=M1-6
Added Net: Name=Net*1_1
Added Pin To Net: NetName=Net*2_1 Pin=*2-1
Added Pin To Net: NetName=Net*2_1 Pin=*2-3
Added Pin To Net: NetName=Net*2_1 Pin=*3-2
Added Pin To Net: NetName=Net*2_1 Pin=D3-1
Added Pin To Net: NetName=Net*2_1 Pin=D6-2
Added Pin To Net: NetName=Net*2_1 Pin=SC1-1
Added Net: Name=Net*2_1
Added Pin To Net: NetName=Net*3_1 Pin=*3-1
Added Pin To Net: NetName=Net*3_1 Pin=*3-3
Added Pin To Net: NetName=Net*3_1 Pin=D6-1
Added Pin To Net: NetName=Net*3_1 Pin=R24-2
Added Pin To Net: NetName=Net*3_1 Pin=R25-2
Added Net: Name=Net*3_1
Added Pin To Net: NetName=NetB1_1 Pin=B1-1
Added Pin To Net: NetName=NetB1_1 Pin=R18-1
Added Pin To Net: NetName=NetB1_1 Pin=R19-2
Added Net: Name=NetB1_1
Added Pin To Net: NetName=NetB1_3 Pin=B1-3
Added Pin To Net: NetName=NetB1_3 Pin=C12-1
Added Pin To Net: NetName=NetB1_3 Pin=L1-1
Added Net: Name=NetB1_3
Added Pin To Net: NetName=NetB1_5 Pin=B1-5
Added Pin To Net: NetName=NetB1_5 Pin=R21-2
Added Net: Name=NetB1_5
Added Pin To Net: NetName=NetB1_6 Pin=B1-6
Added Pin To Net: NetName=NetB1_6 Pin=R23-2
Added Net: Name=NetB1_6
Added Pin To Net: NetName=NetB1_7 Pin=B1-7
Added Pin To Net: NetName=NetB1_7 Pin=C9-1
Added Pin To Net: NetName=NetB1_7 Pin=R19-1
Added Net: Name=NetB1_7
Added Pin To Net: NetName=NetB1_8 Pin=B1-8
Added Pin To Net: NetName=NetB1_8 Pin=R27-1
Added Net: Name=NetB1_8
Added Pin To Net: NetName=NetC4_2 Pin=C4-2
Added Pin To Net: NetName=NetC4_2 Pin=R6-2
Added Pin To Net: NetName=NetC4_2 Pin=R7-2
Added Pin To Net: NetName=NetC4_2 Pin=S1-1
Added Net: Name=NetC4_2
Added Pin To Net: NetName=NetC12_2 Pin=C12-2
Added Pin To Net: NetName=NetC12_2 Pin=R21-1
Added Net: Name=NetC12_2
Added Pin To Net: NetName=NetC17_1 Pin=C17-1
Added Pin To Net: NetName=NetC17_1 Pin=C17-12
Added Pin To Net: NetName=NetC17_1 Pin=D5-2
Added Net: Name=NetC17_1
Added Pin To Net: NetName=NetC17_2 Pin=C17-2
Added Pin To Net: NetName=NetC17_2 Pin=C17-11
Added Pin To Net: NetName=NetC17_2 Pin=D5-3
Added Net: Name=NetC17_2
Added Pin To Net: NetName=NetC17_3 Pin=C17-3
Added Pin To Net: NetName=NetC17_3 Pin=C17-10
Added Pin To Net: NetName=NetC17_3 Pin=D8-2
Added Net: Name=NetC17_3
Added Pin To Net: NetName=NetC17_4 Pin=C17-4
Added Pin To Net: NetName=NetC17_4 Pin=C17-9
Added Pin To Net: NetName=NetC17_4 Pin=D8-3
Added Net: Name=NetC17_4
Added Pin To Net: NetName=NetC17_5 Pin=C17-5
Added Pin To Net: NetName=NetC17_5 Pin=C17-8
Added Pin To Net: NetName=NetC17_5 Pin=D10-2
Added Net: Name=NetC17_5
Added Pin To Net: NetName=NetC17_6 Pin=C17-6
Added Pin To Net: NetName=NetC17_6 Pin=C17-7
Added Pin To Net: NetName=NetC17_6 Pin=D10-3
Added Net: Name=NetC17_6
Added Pin To Net: NetName=NetC18_1 Pin=C18-1
Added Pin To Net: NetName=NetC18_1 Pin=R26-2
Added Pin To Net: NetName=NetC18_1 Pin=R27-2
Added Pin To Net: NetName=NetC18_1 Pin=R28-1
Added Net: Name=NetC18_1
Added Pin To Net: NetName=NetC20_1 Pin=C20-1
Added Pin To Net: NetName=NetC20_1 Pin=U2-7
Added Pin To Net: NetName=NetC20_1 Pin=X1-2
Added Net: Name=NetC20_1
Added Pin To Net: NetName=NetC21_1 Pin=C21-1
Added Pin To Net: NetName=NetC21_1 Pin=U2-8
Added Pin To Net: NetName=NetC21_1 Pin=X1-1
Added Net: Name=NetC21_1
Added Pin To Net: NetName=NetD11_1 Pin=D11-1
Added Pin To Net: NetName=NetD11_1 Pin=SB1-2
Added Pin To Net: NetName=NetD11_1 Pin=U2-3
Added Net: Name=NetD11_1
Added Pin To Net: NetName=NetD12_1 Pin=D12-1
Added Pin To Net: NetName=NetD12_1 Pin=USB1-1
Added Net: Name=NetD12_1
Added Pin To Net: NetName=NetLED1_1 Pin=LED1-1
Added Pin To Net: NetName=NetLED1_1 Pin=R4-1
Added Net: Name=NetLED1_1
Added Pin To Net: NetName=NetLED2_1 Pin=LED2-1
Added Pin To Net: NetName=NetLED2_1 Pin=R5-1
Added Net: Name=NetLED2_1
Added Pin To Net: NetName=NetQ1_2 Pin=Q1-2
Added Pin To Net: NetName=NetQ1_2 Pin=R17-1
Added Net: Name=NetQ1_2
Added Pin To Net: NetName=NetQ2_2 Pin=Q2-2
Added Pin To Net: NetName=NetQ2_2 Pin=R22-1
Added Net: Name=NetQ2_2
Added Pin To Net: NetName=NetR20_2 Pin=R20-2
Added Pin To Net: NetName=NetR20_2 Pin=U1-11
Added Net: Name=NetR20_2
Added Pin To Net: NetName=NetU2_5 Pin=U2-5
Added Pin To Net: NetName=NetU2_5 Pin=USB1-3
Added Net: Name=NetU2_5
Added Pin To Net: NetName=NetU2_6 Pin=U2-6
Added Pin To Net: NetName=NetU2_6 Pin=USB1-2
Added Net: Name=NetU2_6
Added Pin To Net: NetName=NRST Pin=R7-1
Added Pin To Net: NetName=NRST Pin=U1-1
Added Net: Name=NRST
Added Pin To Net: NetName=ORANGE Pin=D7-1
Added Pin To Net: NetName=ORANGE Pin=D8-1
Added Pin To Net: NetName=ORANGE Pin=R9-1
Added Net: Name=ORANGE
Added Pin To Net: NetName=RED Pin=D9-1
Added Pin To Net: NetName=RED Pin=D10-1
Added Pin To Net: NetName=RED Pin=R8-1
Added Net: Name=RED
Added Pin To Net: NetName=RTS Pin=Q1-1
Added Pin To Net: NetName=RTS Pin=R22-2
Added Pin To Net: NetName=RTS Pin=U2-14
Added Net: Name=RTS
Added Pin To Net: NetName=SCL Pin=C1-4
Added Pin To Net: NetName=SCL Pin=MU1-3
Added Pin To Net: NetName=SCL Pin=R1-1
Added Pin To Net: NetName=SCL Pin=U1-14
Added Net: Name=SCL
Added Pin To Net: NetName=SDA Pin=C1-2
Added Pin To Net: NetName=SDA Pin=MU1-4
Added Pin To Net: NetName=SDA Pin=R2-1
Added Pin To Net: NetName=SDA Pin=U1-13
Added Net: Name=SDA
Added Pin To Net: NetName=STATUS_ESP Pin=LED1-2
Added Pin To Net: NetName=STATUS_ESP Pin=U1-10
Added Net: Name=STATUS_ESP
Added Pin To Net: NetName=STATUS_GREEN Pin=C7-2
Added Pin To Net: NetName=STATUS_GREEN Pin=DZ3-2
Added Pin To Net: NetName=STATUS_GREEN Pin=R10-2
Added Pin To Net: NetName=STATUS_GREEN Pin=R14-1
Added Pin To Net: NetName=STATUS_GREEN Pin=U1-5
Added Net: Name=STATUS_GREEN
Added Pin To Net: NetName=STATUS_ORANGE Pin=C6-2
Added Pin To Net: NetName=STATUS_ORANGE Pin=DZ2-2
Added Pin To Net: NetName=STATUS_ORANGE Pin=R9-2
Added Pin To Net: NetName=STATUS_ORANGE Pin=R13-1
Added Pin To Net: NetName=STATUS_ORANGE Pin=U1-6
Added Net: Name=STATUS_ORANGE
Added Pin To Net: NetName=STATUS_RED Pin=C5-2
Added Pin To Net: NetName=STATUS_RED Pin=DZ1-2
Added Pin To Net: NetName=STATUS_RED Pin=R8-2
Added Pin To Net: NetName=STATUS_RED Pin=R12-1
Added Pin To Net: NetName=STATUS_RED Pin=U1-7
Added Net: Name=STATUS_RED
Added Pin To Net: NetName=V_BUCK Pin=*TP1-1
Added Pin To Net: NetName=V_BUCK Pin=B1-2
Added Pin To Net: NetName=V_BUCK Pin=C19-1
Added Pin To Net: NetName=V_BUCK Pin=D1-2
Added Pin To Net: NetName=V_BUCK Pin=D4-2
Added Pin To Net: NetName=V_BUCK Pin=D7-2
Added Pin To Net: NetName=V_BUCK Pin=D9-2
Added Pin To Net: NetName=V_BUCK Pin=R11-1
Added Pin To Net: NetName=V_BUCK Pin=R23-1
Added Net: Name=V_BUCK
Added Class: Name=LightStateRF
Added Room: Name=LightStateRF
