Added Component: Designator=*1(SOT23-123)
Add component. Clean all parameters for all variants
Added Component: Designator=*2(SOT23-123)
Add component. Clean all parameters for all variants
Added Component: Designator=*3(LOXO_433_NGANG)
Add component. Clean all parameters for all variants
Added Component: Designator=*TP1(TP)
Add component. Clean all parameters for all variants
Added Component: Designator=*TP2(TP)
Add component. Clean all parameters for all variants
Added Component: Designator=B1(SOT65P280X100-8N)
Add component. Clean all parameters for all variants
Add component (AddParameter): Name = "Arrow Part Number"; Value = "MP2315GJ-Z"; VariantName = "[No Variations]"
Add component (AddParameter): Name = "Arrow Price/Stock"; Value = ""; VariantName = "[No Variations]"
Add component (AddParameter): Name = "Datasheet Link"; Value = "https://componentsearchengine.com/Datasheets/1/MP2315GJ-Z.pdf"; VariantName = "[No Variations]"
Add component (AddParameter): Name = "Geometry.Height"; Value = "1mm"; VariantName = "[No Variations]"
Add component (AddParameter): Name = "Manufacturer_Name"; Value = "Monolithic Power Systems (MPS)"; VariantName = "[No Variations]"
Add component (AddParameter): Name = "Manufacturer_Part_Number"; Value = "MP2315GJ-Z"; VariantName = "[No Variations]"
Add component (AddParameter): Name = "RS Part Number"; Value = ""; VariantName = "[No Variations]"
Add component (AddParameter): Name = "RS Price/Stock"; Value = ""; VariantName = "[No Variations]"
Added Component: Designator=C1(SM-0805)
Add component. Clean all parameters for all variants
Add component (AddParameter): Name = "Value"; Value = "103"; VariantName = "[No Variations]"
Added Component: Designator=C2(SM-0805)
Add component. Clean all parameters for all variants
Add component (AddParameter): Name = "Value"; Value = "103"; VariantName = "[No Variations]"
Added Component: Designator=C3(CAP-ALU-SMD-6.3x7.7x2.2)
Add component. Clean all parameters for all variants
Add component (AddParameter): Name = "LatestRevisionDate"; Value = "17-Jul-2002"; VariantName = "[No Variations]"
Add component (AddParameter): Name = "LatestRevisionNote"; Value = "Re-released for DXP Platform."; VariantName = "[No Variations]"
Add component (AddParameter): Name = "PackageReference"; Value = "POLAR0.8"; VariantName = "[No Variations]"
Add component (AddParameter): Name = "Published"; Value = "8-Jun-2000"; VariantName = "[No Variations]"
Add component (AddParameter): Name = "Publisher"; Value = "Altium Limited"; VariantName = "[No Variations]"
Added Component: Designator=C4(SM-0805)
Add component. Clean all parameters for all variants
Add component (AddParameter): Name = "Value"; Value = "103"; VariantName = "[No Variations]"
Added Component: Designator=C5(SM-0805)
Add component. Clean all parameters for all variants
Add component (AddParameter): Name = "Value"; Value = "103"; VariantName = "[No Variations]"
Added Component: Designator=C6(CP1.5/3.4)
Add component. Clean all parameters for all variants
Add component (AddParameter): Name = "Description 1"; Value = "2200uF-3300uF/6,3V - 1000uF-2200uF/10V"; VariantName = "[No Variations]"
Add component (AddParameter): Name = "Description 2"; Value = "1000uF/16V - 470uF => 1000uF/25V - 100uF/100V"; VariantName = "[No Variations]"
Add component (AddParameter): Name = "Description 3"; Value = "330uF>470uF/35V_220uF>470uF/50V_10uF>22uF/250V"; VariantName = "[No Variations]"
Add component (AddParameter): Name = "Description 4"; Value = "220uF => 330uF/63V - 10uF =>33uF/160 - 200V"; VariantName = "[No Variations]"
Add component (AddParameter): Name = "Description 5"; Value = "4,7uF>10uF/250V_3,3uF>10uF/400V - 2,2uF>4,7uF/450V"; VariantName = "[No Variations]"
Add component (AddParameter): Name = "Value"; Value = "1000uF/16V"; VariantName = "[No Variations]"
Added Component: Designator=C7(CAP-ALU-SMD-6.3x7.7x2.2)
Add component. Clean all parameters for all variants
Add component (AddParameter): Name = "LatestRevisionDate"; Value = "17-Jul-2002"; VariantName = "[No Variations]"
Add component (AddParameter): Name = "LatestRevisionNote"; Value = "Re-released for DXP Platform."; VariantName = "[No Variations]"
Add component (AddParameter): Name = "PackageReference"; Value = "POLAR0.8"; VariantName = "[No Variations]"
Add component (AddParameter): Name = "Published"; Value = "8-Jun-2000"; VariantName = "[No Variations]"
Add component (AddParameter): Name = "Publisher"; Value = "Altium Limited"; VariantName = "[No Variations]"
Added Component: Designator=C8(SM-0805)
Add component. Clean all parameters for all variants
Add component (AddParameter): Name = "Value"; Value = "103"; VariantName = "[No Variations]"
Added Component: Designator=C9(JP4-C1T)
Add component. Clean all parameters for all variants
Add component (AddParameter): Name = "ComponentLink1 Description"; Value = "Manufacturer"; VariantName = "[No Variations]"
Add component (AddParameter): Name = "ComponentLink1URL"; Value = "http://www.we-online.com"; VariantName = "[No Variations]"
Add component (AddParameter): Name = "ComponentLink2 Description"; Value = "Datasheet"; VariantName = "[No Variations]"
Add component (AddParameter): Name = "ComponentLink2URL"; Value = "http://katalog.we-online.de/em/datasheet/6130xx143121.pdf"; VariantName = "[No Variations]"
Add component (AddParameter): Name = "Created by"; Value = "Karrer Zheng"; VariantName = "[No Variations]"
Add component (AddParameter): Name = "Created Date"; Value = "29 March 2013"; VariantName = "[No Variations]"
Add component (AddParameter): Name = "Manufacturer"; Value = "W¨¹rth Elektronik eiSos GmbH"; VariantName = "[No Variations]"
Add component (AddParameter): Name = "NoPins"; Value = "04"; VariantName = "[No Variations]"
Add component (AddParameter): Name = "partNo"; Value = "613004143121"; VariantName = "[No Variations]"
Added Component: Designator=C10(SM-0805)
Add component. Clean all parameters for all variants
Add component (AddParameter): Name = "Value"; Value = "103"; VariantName = "[No Variations]"
Added Component: Designator=C11(SM-0805)
Add component. Clean all parameters for all variants
Add component (AddParameter): Name = "Value"; Value = "103"; VariantName = "[No Variations]"
Added Component: Designator=C12(SM-0805)
Add component. Clean all parameters for all variants
Add component (AddParameter): Name = "Value"; Value = "103"; VariantName = "[No Variations]"
Added Component: Designator=C13(SM-0805)
Add component. Clean all parameters for all variants
Add component (AddParameter): Name = "Value"; Value = "103"; VariantName = "[No Variations]"
Added Component: Designator=C14(SM-0805)
Add component. Clean all parameters for all variants
Add component (AddParameter): Name = "Value"; Value = "103"; VariantName = "[No Variations]"
Added Component: Designator=C15(SM-0805)
Add component. Clean all parameters for all variants
Add component (AddParameter): Name = "Value"; Value = "103"; VariantName = "[No Variations]"
Added Component: Designator=C16(SM-0805)
Add component. Clean all parameters for all variants
Add component (AddParameter): Name = "Value"; Value = "103"; VariantName = "[No Variations]"
Added Component: Designator=C17(SM-0805)
Add component. Clean all parameters for all variants
Add component (AddParameter): Name = "Value"; Value = "103"; VariantName = "[No Variations]"
Added Component: Designator=C18(SM-0805)
Add component. Clean all parameters for all variants
Add component (AddParameter): Name = "Value"; Value = "103"; VariantName = "[No Variations]"
Added Component: Designator=C19(CAP-ALU-SMD-6.3x7.7x2.2)
Add component. Clean all parameters for all variants
Add component (AddParameter): Name = "LatestRevisionDate"; Value = "17-Jul-2002"; VariantName = "[No Variations]"
Add component (AddParameter): Name = "LatestRevisionNote"; Value = "Re-released for DXP Platform."; VariantName = "[No Variations]"
Add component (AddParameter): Name = "PackageReference"; Value = "POLAR0.8"; VariantName = "[No Variations]"
Add component (AddParameter): Name = "Published"; Value = "8-Jun-2000"; VariantName = "[No Variations]"
Add component (AddParameter): Name = "Publisher"; Value = "Altium Limited"; VariantName = "[No Variations]"
Added Component: Designator=C20(SM-0805)
Add component. Clean all parameters for all variants
Add component (AddParameter): Name = "Value"; Value = "103"; VariantName = "[No Variations]"
Added Component: Designator=C21(SM-0805)
Add component. Clean all parameters for all variants
Add component (AddParameter): Name = "Value"; Value = "103"; VariantName = "[No Variations]"
Added Component: Designator=C22(SM-0805)
Add component. Clean all parameters for all variants
Add component (AddParameter): Name = "Value"; Value = "103"; VariantName = "[No Variations]"
Added Component: Designator=C23(SM-0805)
Add component. Clean all parameters for all variants
Add component (AddParameter): Name = "Value"; Value = "103"; VariantName = "[No Variations]"
Added Component: Designator=C24(SM-0805)
Add component. Clean all parameters for all variants
Add component (AddParameter): Name = "Value"; Value = "103"; VariantName = "[No Variations]"
Added Component: Designator=C25(SM-0805)
Add component. Clean all parameters for all variants
Add component (AddParameter): Name = "Value"; Value = "103"; VariantName = "[No Variations]"
Added Component: Designator=C26(SM-0805)
Add component. Clean all parameters for all variants
Add component (AddParameter): Name = "Value"; Value = "103"; VariantName = "[No Variations]"
Added Component: Designator=C27(SM-0805)
Add component. Clean all parameters for all variants
Add component (AddParameter): Name = "Value"; Value = "103"; VariantName = "[No Variations]"
Added Component: Designator=D1(SOD123)
Add component. Clean all parameters for all variants
Added Component: Designator=D2(DIO-SMD-123)
Add component. Clean all parameters for all variants
Added Component: Designator=D3(DIO-SMD-123)
Add component. Clean all parameters for all variants
Added Component: Designator=D4(DIO-SMD-123)
Add component. Clean all parameters for all variants
Added Component: Designator=D5(SOD123)
Add component. Clean all parameters for all variants
Added Component: Designator=D6(DIO-SMD-106)
Add component. Clean all parameters for all variants
Added Component: Designator=D7(DIO-SMD-106)
Add component. Clean all parameters for all variants
Added Component: Designator=D8(DIO 4S4P1414H)
Add component. Clean all parameters for all variants
Added Component: Designator=D9(DIO-SMD-106)
Add component. Clean all parameters for all variants
Added Component: Designator=D10(DIO 4S4P1414H)
Add component. Clean all parameters for all variants
Added Component: Designator=D11(DIO-SMD-106)
Add component. Clean all parameters for all variants
Added Component: Designator=D12(DIO 4S4P1414H)
Add component. Clean all parameters for all variants
Added Component: Designator=D13(DIO-SMD-106)
Add component. Clean all parameters for all variants
Added Component: Designator=DZ1(SOD123)
Add component. Clean all parameters for all variants
Added Component: Designator=DZ2(DIO-SMD-123)
Add component. Clean all parameters for all variants
Added Component: Designator=DZ3(SOD123)
Add component. Clean all parameters for all variants
Added Component: Designator=DZ4(SOD123)
Add component. Clean all parameters for all variants
Added Component: Designator=DZ5(SOD123)
Add component. Clean all parameters for all variants
Added Component: Designator=DZ6(SOD123)
Add component. Clean all parameters for all variants
Added Component: Designator=J1(KF8-10)
Add component. Clean all parameters for all variants
Add component (AddParameter): Name = "ComponentLink1 Description"; Value = "Manufacturer"; VariantName = "[No Variations]"
Add component (AddParameter): Name = "ComponentLink1 URL"; Value = "http://www.we-online.com"; VariantName = "[No Variations]"
Add component (AddParameter): Name = "ComponentLink2 Description"; Value = "Datasheet"; VariantName = "[No Variations]"
Add component (AddParameter): Name = "ComponentLink2 URL"; Value = "http://katalog.we-online.de/em/datasheet/6911337100xx.pdf"; VariantName = "[No Variations]"
Add component (AddParameter): Name = "Created By"; Value = "Baojun Chen"; VariantName = "[No Variations]"
Add component (AddParameter): Name = "Created Date"; Value = "4-Aug-15"; VariantName = "[No Variations]"
Add component (AddParameter): Name = "Manufacturer"; Value = "W¨¹rth Elektronik eiSos GmbH"; VariantName = "[No Variations]"
Add component (AddParameter): Name = "NoPins"; Value = "8"; VariantName = "[No Variations]"
Add component (AddParameter): Name = "PartNo"; Value = "691133710008"; VariantName = "[No Variations]"
Added Component: Designator=L1(IND 4532-2P)
Add component. Clean all parameters for all variants
Added Component: Designator=L2(FER 0805/2012)
Add component. Clean all parameters for all variants
Add component (AddParameter): Name = "Value"; Value = "1.5uH"; VariantName = "[No Variations]"
Added Component: Designator=L3(FER 0805/2012)
Add component. Clean all parameters for all variants
Add component (AddParameter): Name = "Value"; Value = "1.5uH"; VariantName = "[No Variations]"
Added Component: Designator=L4(FER 0805/2012)
Add component. Clean all parameters for all variants
Add component (AddParameter): Name = "Value"; Value = "1.5uH"; VariantName = "[No Variations]"
Added Component: Designator=L5(FER 0805/2012)
Add component. Clean all parameters for all variants
Add component (AddParameter): Name = "Value"; Value = "1.5uH"; VariantName = "[No Variations]"
Added Component: Designator=L6(FER 0805/2012)
Add component. Clean all parameters for all variants
Add component (AddParameter): Name = "Value"; Value = "1.5uH"; VariantName = "[No Variations]"
Added Component: Designator=LED1(SM-LED-0805-Blue)
Add component. Clean all parameters for all variants
Added Component: Designator=LED2(SM-LED-0805-Blue)
Add component. Clean all parameters for all variants
Added Component: Designator=M1(CC1101 UART HC11)
Add component. Clean all parameters for all variants
Added Component: Designator=MU1(MPU6050)
Add component. Clean all parameters for all variants
Add component (AddParameter): Name = "ComponentLink1 Description"; Value = "Manufacturer"; VariantName = "[No Variations]"
Add component (AddParameter): Name = "ComponentLink1URL"; Value = "http://www.we-online.com"; VariantName = "[No Variations]"
Add component (AddParameter): Name = "ComponentLink2 Description"; Value = "Datasheet"; VariantName = "[No Variations]"
Add component (AddParameter): Name = "ComponentLink2URL"; Value = "http://katalog.we-online.de/em/datasheet/6130xx143121.pdf"; VariantName = "[No Variations]"
Add component (AddParameter): Name = "Created by"; Value = "Karrer Zheng"; VariantName = "[No Variations]"
Add component (AddParameter): Name = "Created Date"; Value = "29 March 2013"; VariantName = "[No Variations]"
Add component (AddParameter): Name = "Manufacturer"; Value = "W¨¹rth Elektronik eiSos GmbH"; VariantName = "[No Variations]"
Add component (AddParameter): Name = "NoPins"; Value = "04"; VariantName = "[No Variations]"
Add component (AddParameter): Name = "partNo"; Value = "613004143121"; VariantName = "[No Variations]"
Added Component: Designator=Q1(SOT23-231)
Add component. Clean all parameters for all variants
Add component (AddParameter): Name = ""; Value = "C2383"; VariantName = "[No Variations]"
Add component (AddParameter): Name = "Value"; Value = "C1815"; VariantName = "[No Variations]"
Added Component: Designator=Q2(SOT23-231)
Add component. Clean all parameters for all variants
Add component (AddParameter): Name = ""; Value = "C2383"; VariantName = "[No Variations]"
Add component (AddParameter): Name = "Value"; Value = "C1815"; VariantName = "[No Variations]"
Added Component: Designator=R1(RES-SMD-0805)
Add component. Clean all parameters for all variants
Added Component: Designator=R2(RES-SMD-0805)
Add component. Clean all parameters for all variants
Added Component: Designator=R3(RES-SMD-0805)
Add component. Clean all parameters for all variants
Added Component: Designator=R4(RES-SMD-0805)
Add component. Clean all parameters for all variants
Added Component: Designator=R5(RES-SMD-0805)
Add component. Clean all parameters for all variants
Added Component: Designator=R6(RES-SMD-0805)
Add component. Clean all parameters for all variants
Added Component: Designator=R7(RES-SMD-0805)
Add component. Clean all parameters for all variants
Added Component: Designator=R8(RES-SMD-0805)
Add component. Clean all parameters for all variants
Added Component: Designator=R9(RES-SMD-0805)
Add component. Clean all parameters for all variants
Added Component: Designator=R10(RES-SMD-0805)
Add component. Clean all parameters for all variants
Added Component: Designator=R11(RES-SMD-0805)
Add component. Clean all parameters for all variants
Added Component: Designator=R12(RES-SMD-0805)
Add component. Clean all parameters for all variants
Added Component: Designator=R13(RES-SMD-0805)
Add component. Clean all parameters for all variants
Added Component: Designator=R14(RES-SMD-0805)
Add component. Clean all parameters for all variants
Added Component: Designator=R15(RES-SMD-0805)
Add component. Clean all parameters for all variants
Added Component: Designator=R16(RES-SMD-0805)
Add component. Clean all parameters for all variants
Added Component: Designator=R17(RES-SMD-0805)
Add component. Clean all parameters for all variants
Added Component: Designator=R18(RES-SMD-0805)
Add component. Clean all parameters for all variants
Added Component: Designator=R19(RES-SMD-0805)
Add component. Clean all parameters for all variants
Added Component: Designator=R20(RES-SMD-0805)
Add component. Clean all parameters for all variants
Added Component: Designator=R21(RES-SMD-0805)
Add component. Clean all parameters for all variants
Added Component: Designator=R22(RES-SMD-0805)
Add component. Clean all parameters for all variants
Added Component: Designator=R23(RES-SMD-0805)
Add component. Clean all parameters for all variants
Added Component: Designator=R24(RES-SMD-0805)
Add component. Clean all parameters for all variants
Added Component: Designator=R25(RES-SMD-0805)
Add component. Clean all parameters for all variants
Added Component: Designator=S1(BUTTON-SMD 2PIN)
Add component. Clean all parameters for all variants
Add component (AddParameter): Name = "LatestRevisionDate"; Value = "17-Jul-2002"; VariantName = "[No Variations]"
Add component (AddParameter): Name = "LatestRevisionNote"; Value = "Re-released for DXP Platform."; VariantName = "[No Variations]"
Add component (AddParameter): Name = "PackageReference"; Value = "SPST-2"; VariantName = "[No Variations]"
Add component (AddParameter): Name = "Published"; Value = "24-Mar-1999"; VariantName = "[No Variations]"
Add component (AddParameter): Name = "Publisher"; Value = "Altium Limited"; VariantName = "[No Variations]"
Added Component: Designator=S2(BUTTON-SMD 2PIN)
Add component. Clean all parameters for all variants
Add component (AddParameter): Name = "LatestRevisionDate"; Value = "17-Jul-2002"; VariantName = "[No Variations]"
Add component (AddParameter): Name = "LatestRevisionNote"; Value = "Re-released for DXP Platform."; VariantName = "[No Variations]"
Add component (AddParameter): Name = "PackageReference"; Value = "SPST-2"; VariantName = "[No Variations]"
Add component (AddParameter): Name = "Published"; Value = "24-Mar-1999"; VariantName = "[No Variations]"
Add component (AddParameter): Name = "Publisher"; Value = "Altium Limited"; VariantName = "[No Variations]"
Added Component: Designator=SB1(SB)
Add component. Clean all parameters for all variants
Added Component: Designator=SB2(SB_3)
Add component. Clean all parameters for all variants
Added Component: Designator=SC1(SuperCapacitor)
Add component. Clean all parameters for all variants
Added Component: Designator=U1(ESP32S)
Add component. Clean all parameters for all variants
Added Component: Designator=U2(SO16)
Add component. Clean all parameters for all variants
Add component (AddParameter): Name = "ComponentLink1Description"; Value = "Manufacturer Link"; VariantName = "[No Variations]"
Add component (AddParameter): Name = "ComponentLink1URL"; Value = "http://www.irf.com/"; VariantName = "[No Variations]"
Add component (AddParameter): Name = "ComponentLink2Description"; Value = "Datasheet"; VariantName = "[No Variations]"
Add component (AddParameter): Name = "ComponentLink2URL"; Value = "http://www.irf.com/product-info/datasheets/data/ir2110.pdf"; VariantName = "[No Variations]"
Add component (AddParameter): Name = "DatasheetVersion"; Value = "PD60147J"; VariantName = "[No Variations]"
Add component (AddParameter): Name = "LatestRevisionDate"; Value = "04-Mar-2005"; VariantName = "[No Variations]"
Add component (AddParameter): Name = "LatestRevisionNote"; Value = "Stylized 3D Model Added."; VariantName = "[No Variations]"
Add component (AddParameter): Name = "Note"; Value = "Pins 4, 8 and 14 are not connected"; VariantName = "[No Variations]"
Add component (AddParameter): Name = "PackageDescription"; Value = "DIP; 14 Leads; Row Spacing 7.62 mm; Pitch 2.54 mm"; VariantName = "[No Variations]"
Add component (AddParameter): Name = "PackageReference"; Value = "PDIP14"; VariantName = "[No Variations]"
Add component (AddParameter): Name = "Published"; Value = "8-Jun-2000"; VariantName = "[No Variations]"
Add component (AddParameter): Name = "Publisher"; Value = "Altium Limited"; VariantName = "[No Variations]"
Added Component: Designator=USB1(USB-M1)
Add component. Clean all parameters for all variants
Added Component: Designator=X1(XT32k)
Add component. Clean all parameters for all variants
Add component (AddParameter): Name = "Value"; Value = "4Mhz"; VariantName = "[No Variations]"
Added Component: Designator=X2(XT2)
Add component. Clean all parameters for all variants
Add component (AddParameter): Name = "Value"; Value = "4Mhz"; VariantName = "[No Variations]"
Added Pin To Net: NetName=Net*1_1 Pin=*1-1
Added Pin To Net: NetName=3V3 Pin=*1-2
Added Pin To Net: NetName=Net*1_1 Pin=*1-3
Added Pin To Net: NetName=Net*2_1 Pin=*2-1
Added Pin To Net: NetName=Net*1_1 Pin=*2-2
Added Pin To Net: NetName=Net*2_1 Pin=*2-3
Added Pin To Net: NetName=Net*3_1 Pin=*3-1
Added Pin To Net: NetName=V_BUCK Pin=*TP1-1
Added Pin To Net: NetName=4V Pin=*TP2-1
Added Pin To Net: NetName=NetB1_1 Pin=B1-1
Added Pin To Net: NetName=V_BUCK Pin=B1-2
Added Pin To Net: NetName=NetB1_3 Pin=B1-3
Added Pin To Net: NetName=GND Pin=B1-4
Added Pin To Net: NetName=NetB1_5 Pin=B1-5
Added Pin To Net: NetName=NetB1_6 Pin=B1-6
Added Pin To Net: NetName=NetB1_7 Pin=B1-7
Added Pin To Net: NetName=NetB1_8 Pin=B1-8
Added Pin To Net: NetName=NetB1_7 Pin=C1-1
Added Pin To Net: NetName=GND Pin=C1-2
Added Pin To Net: NetName=NetB1_3 Pin=C2-1
Added Pin To Net: NetName=V_BUCK Pin=C3-1
Added Pin To Net: NetName=GND Pin=C3-2
Added Pin To Net: NetName=GND Pin=C4-1
Added Pin To Net: NetName=4V Pin=C4-2
Added Pin To Net: NetName=GND Pin=C5-1
Added Pin To Net: NetName=3V3 Pin=C5-2
Added Pin To Net: NetName=4V Pin=C6-1
Added Pin To Net: NetName=GND Pin=C6-2
Added Pin To Net: NetName=3V3 Pin=C7-1
Added Pin To Net: NetName=GND Pin=C7-2
Added Pin To Net: NetName=4V Pin=C8-2
Added Pin To Net: NetName=3V3 Pin=C9-1
Added Pin To Net: NetName=SDA Pin=C9-2
Added Pin To Net: NetName=GND Pin=C9-3
Added Pin To Net: NetName=SCL Pin=C9-4
Added Pin To Net: NetName=GND Pin=C10-1
Added Pin To Net: NetName=STATUS_RED Pin=C10-2
Added Pin To Net: NetName=GND Pin=C11-1
Added Pin To Net: NetName=STATUS_ORANGE Pin=C11-2
Added Pin To Net: NetName=GND Pin=C12-1
Added Pin To Net: NetName=STATUS_GREEN Pin=C12-2
Added Pin To Net: NetName=GND Pin=C13-1
Added Pin To Net: NetName=ADC_POWER Pin=C13-2
Added Pin To Net: NetName=GND Pin=C14-1
Added Pin To Net: NetName=3V3 Pin=C14-2
Added Pin To Net: NetName=GND Pin=C15-1
Added Pin To Net: NetName=3V3 Pin=C15-2
Added Pin To Net: NetName=NetC17_2 Pin=C17-2
Added Pin To Net: NetName=GND Pin=C20-1
Added Pin To Net: NetName=3V3 Pin=C20-2
Added Pin To Net: NetName=GND Pin=C21-1
Added Pin To Net: NetName=3V3 Pin=C21-2
Added Pin To Net: NetName=EN Pin=C22-1
Added Pin To Net: NetName=GND Pin=C22-2
Added Pin To Net: NetName=GND Pin=C23-2
Added Pin To Net: NetName=GND Pin=C24-2
Added Pin To Net: NetName=GND Pin=C25-2
Added Pin To Net: NetName=GND Pin=C26-2
Added Pin To Net: NetName=GND Pin=C27-1
Added Pin To Net: NetName=IO0 Pin=C27-2
Added Pin To Net: NetName=5V Pin=D1-1
Added Pin To Net: NetName=V_BUCK Pin=D1-2
Added Pin To Net: NetName=4V Pin=D2-1
Added Pin To Net: NetName=3V3 Pin=D3-2
Added Pin To Net: NetName=Net*1_1 Pin=D4-1
Added Pin To Net: NetName=3V3 Pin=D4-2
Added Pin To Net: NetName=Net*2_1 Pin=D5-1
Added Pin To Net: NetName=Net*1_1 Pin=D5-2
Added Pin To Net: NetName=GREEN Pin=D6-1
Added Pin To Net: NetName=ORANGE Pin=D9-1
Added Pin To Net: NetName=NetC17_2 Pin=D10-1
Added Pin To Net: NetName=RED Pin=D11-1
Added Pin To Net: NetName=5V Pin=D13-2
Added Pin To Net: NetName=GND Pin=DZ1-1
Added Pin To Net: NetName=3V3 Pin=DZ1-2
Added Pin To Net: NetName=GND Pin=DZ2-1
Added Pin To Net: NetName=3V3 Pin=DZ2-2
Added Pin To Net: NetName=GND Pin=DZ3-1
Added Pin To Net: NetName=STATUS_RED Pin=DZ3-2
Added Pin To Net: NetName=GND Pin=DZ4-1
Added Pin To Net: NetName=STATUS_ORANGE Pin=DZ4-2
Added Pin To Net: NetName=GND Pin=DZ5-1
Added Pin To Net: NetName=STATUS_GREEN Pin=DZ5-2
Added Pin To Net: NetName=GND Pin=DZ6-1
Added Pin To Net: NetName=ADC_POWER Pin=DZ6-2
Added Pin To Net: NetName=NetB1_3 Pin=L1-1
Added Pin To Net: NetName=4V Pin=L1-2
Added Pin To Net: NetName=V_BUCK Pin=L2-2
Added Pin To Net: NetName=GREEN Pin=L3-2
Added Pin To Net: NetName=NetC17_2 Pin=L4-1
Added Pin To Net: NetName=ORANGE Pin=L4-2
Added Pin To Net: NetName=RED Pin=L5-2
Added Pin To Net: NetName=GND Pin=L6-1
Added Pin To Net: NetName=NetLED1_1 Pin=LED1-1
Added Pin To Net: NetName=STATUS_ESP Pin=LED1-2
Added Pin To Net: NetName=3V3 Pin=M1-1
Added Pin To Net: NetName=GND Pin=M1-2
Added Pin To Net: NetName=GND Pin=M1-2
Added Pin To Net: NetName=GND Pin=M1-2
Added Pin To Net: NetName=Net*3_1 Pin=M1-6
Added Pin To Net: NetName=Net*3_1 Pin=M1-6
Added Pin To Net: NetName=3V3 Pin=MU1-1
Added Pin To Net: NetName=GND Pin=MU1-2
Added Pin To Net: NetName=GND Pin=MU1-2
Added Pin To Net: NetName=GND Pin=MU1-2
Added Pin To Net: NetName=SCL Pin=MU1-3
Added Pin To Net: NetName=SDA Pin=MU1-4
Added Pin To Net: NetName=RTS Pin=Q1-1
Added Pin To Net: NetName=NetQ1_2 Pin=Q1-2
Added Pin To Net: NetName=EN Pin=Q1-3
Added Pin To Net: NetName=DTR Pin=Q2-1
Added Pin To Net: NetName=NetQ2_2 Pin=Q2-2
Added Pin To Net: NetName=IO0 Pin=Q2-3
Added Pin To Net: NetName=NetB1_1 Pin=R1-1
Added Pin To Net: NetName=GND Pin=R1-2
Added Pin To Net: NetName=NetB1_7 Pin=R2-1
Added Pin To Net: NetName=NetB1_1 Pin=R2-2
Added Pin To Net: NetName=NetB1_5 Pin=R3-2
Added Pin To Net: NetName=V_BUCK Pin=R4-1
Added Pin To Net: NetName=NetB1_6 Pin=R4-2
Added Pin To Net: NetName=4V Pin=R5-1
Added Pin To Net: NetName=Net*2_1 Pin=R5-2
Added Pin To Net: NetName=4V Pin=R6-1
Added Pin To Net: NetName=Net*2_1 Pin=R6-2
Added Pin To Net: NetName=4V Pin=R7-1
Added Pin To Net: NetName=NetB1_8 Pin=R8-1
Added Pin To Net: NetName=GND Pin=R9-2
Added Pin To Net: NetName=RED Pin=R10-1
Added Pin To Net: NetName=STATUS_RED Pin=R10-2
Added Pin To Net: NetName=ORANGE Pin=R11-1
Added Pin To Net: NetName=STATUS_ORANGE Pin=R11-2
Added Pin To Net: NetName=GREEN Pin=R12-1
Added Pin To Net: NetName=STATUS_GREEN Pin=R12-2
Added Pin To Net: NetName=V_BUCK Pin=R13-1
Added Pin To Net: NetName=ADC_POWER Pin=R13-2
Added Pin To Net: NetName=SCL Pin=R14-1
Added Pin To Net: NetName=3V3 Pin=R14-2
Added Pin To Net: NetName=SDA Pin=R15-1
Added Pin To Net: NetName=3V3 Pin=R15-2
Added Pin To Net: NetName=STATUS_RED Pin=R16-1
Added Pin To Net: NetName=GND Pin=R16-2
Added Pin To Net: NetName=STATUS_ORANGE Pin=R17-1
Added Pin To Net: NetName=GND Pin=R17-2
Added Pin To Net: NetName=STATUS_GREEN Pin=R18-1
Added Pin To Net: NetName=GND Pin=R18-2
Added Pin To Net: NetName=ADC_POWER Pin=R19-1
Added Pin To Net: NetName=GND Pin=R19-2
Added Pin To Net: NetName=NetLED1_1 Pin=R20-1
Added Pin To Net: NetName=3V3 Pin=R20-2
Added Pin To Net: NetName=EN Pin=R21-1
Added Pin To Net: NetName=3V3 Pin=R21-2
Added Pin To Net: NetName=NetQ1_2 Pin=R22-1
Added Pin To Net: NetName=DTR Pin=R22-2
Added Pin To Net: NetName=3V3 Pin=R23-1
Added Pin To Net: NetName=IO0 Pin=R23-2
Added Pin To Net: NetName=NetQ2_2 Pin=R24-1
Added Pin To Net: NetName=RTS Pin=R24-2
Added Pin To Net: NetName=GND Pin=R25-2
Added Pin To Net: NetName=GND Pin=S1-1
Added Pin To Net: NetName=EN Pin=S1-2
Added Pin To Net: NetName=IO0 Pin=S2-1
Added Pin To Net: NetName=GND Pin=S2-2
Added Pin To Net: NetName=3V3 Pin=SB1-2
Added Pin To Net: NetName=EN Pin=SB2-1
Added Pin To Net: NetName=IO0 Pin=SB2-3
Added Pin To Net: NetName=Net*1_1 Pin=SC1-1
Added Pin To Net: NetName=GND Pin=SC1-2
Added Pin To Net: NetName=GND Pin=U1-1
Added Pin To Net: NetName=3V3 Pin=U1-2
Added Pin To Net: NetName=EN Pin=U1-3
Added Pin To Net: NetName=STATUS_RED Pin=U1-4
Added Pin To Net: NetName=STATUS_GREEN Pin=U1-5
Added Pin To Net: NetName=STATUS_ORANGE Pin=U1-6
Added Pin To Net: NetName=ADC_POWER Pin=U1-7
Added Pin To Net: NetName=IO0 Pin=U1-25
Added Pin To Net: NetName=STATUS_ESP Pin=U1-29
Added Pin To Net: NetName=SDA Pin=U1-33
Added Pin To Net: NetName=ESP_RX Pin=U1-34
Added Pin To Net: NetName=ESP_TX Pin=U1-35
Added Pin To Net: NetName=SCL Pin=U1-36
Added Pin To Net: NetName=GND Pin=U1-101
Added Pin To Net: NetName=GND Pin=U2-1
Added Pin To Net: NetName=ESP_RX Pin=U2-2
Added Pin To Net: NetName=ESP_TX Pin=U2-3
Added Pin To Net: NetName=NetU2_5 Pin=U2-5
Added Pin To Net: NetName=NetU2_6 Pin=U2-6
Added Pin To Net: NetName=DTR Pin=U2-13
Added Pin To Net: NetName=RTS Pin=U2-14
Added Pin To Net: NetName=5V Pin=U2-16
Added Pin To Net: NetName=NetU2_6 Pin=USB1-2
Added Pin To Net: NetName=NetU2_5 Pin=USB1-3
Added Pin To Net: NetName=GND Pin=USB1-5
Added Pin To Net: NetName=GND Pin=USB1-5
Added Pin To Net: NetName=GND Pin=USB1-5
Added Pin To Net: NetName=ESP32_RX Pin=M1-4
Added Pin To Net: NetName=ESP32_RX Pin=U1-27
Added Net: Name=ESP32_RX
Added Pin To Net: NetName=ESP32_TX Pin=M1-3
Added Pin To Net: NetName=ESP32_TX Pin=U1-28
Added Net: Name=ESP32_TX
Added Pin To Net: NetName=GND IN Pin=C16-1
Added Pin To Net: NetName=GND IN Pin=C17-1
Added Pin To Net: NetName=GND IN Pin=C18-1
Added Pin To Net: NetName=GND IN Pin=C19-2
Added Pin To Net: NetName=GND IN Pin=D8-4
Added Pin To Net: NetName=GND IN Pin=D10-4
Added Pin To Net: NetName=GND IN Pin=D12-4
Added Pin To Net: NetName=GND IN Pin=J1-1
Added Pin To Net: NetName=GND IN Pin=L6-2
Added Net: Name=GND IN
Added Pin To Net: NetName=IO2 Pin=LED2-1
Added Pin To Net: NetName=IO2 Pin=U1-24
Added Net: Name=IO2
Added Pin To Net: NetName=IO13 Pin=U1-16
Added Net: Name=IO13
Added Pin To Net: NetName=IO15 Pin=U1-23
Added Net: Name=IO15
Added Pin To Net: NetName=NetC2_2 Pin=C2-2
Added Pin To Net: NetName=NetC2_2 Pin=R3-1
Added Net: Name=NetC2_2
Added Pin To Net: NetName=NetC8_1 Pin=C8-1
Added Pin To Net: NetName=NetC8_1 Pin=R7-2
Added Pin To Net: NetName=NetC8_1 Pin=R8-2
Added Pin To Net: NetName=NetC8_1 Pin=R9-1
Added Net: Name=NetC8_1
Added Pin To Net: NetName=NetC16_2 Pin=C16-2
Added Pin To Net: NetName=NetC16_2 Pin=D8-1
Added Pin To Net: NetName=NetC16_2 Pin=L3-1
Added Net: Name=NetC16_2
Added Pin To Net: NetName=NetC18_2 Pin=C18-2
Added Pin To Net: NetName=NetC18_2 Pin=D12-1
Added Pin To Net: NetName=NetC18_2 Pin=L5-1
Added Net: Name=NetC18_2
Added Pin To Net: NetName=NetC19_1 Pin=C19-1
Added Pin To Net: NetName=NetC19_1 Pin=D6-2
Added Pin To Net: NetName=NetC19_1 Pin=D7-2
Added Pin To Net: NetName=NetC19_1 Pin=D9-2
Added Pin To Net: NetName=NetC19_1 Pin=D11-2
Added Pin To Net: NetName=NetC19_1 Pin=L2-1
Added Net: Name=NetC19_1
Added Pin To Net: NetName=NetC23_1 Pin=C23-1
Added Pin To Net: NetName=NetC23_1 Pin=U1-8
Added Pin To Net: NetName=NetC23_1 Pin=X1-2
Added Net: Name=NetC23_1
Added Pin To Net: NetName=NetC24_1 Pin=C24-1
Added Pin To Net: NetName=NetC24_1 Pin=U2-7
Added Pin To Net: NetName=NetC24_1 Pin=X2-2
Added Net: Name=NetC24_1
Added Pin To Net: NetName=NetC25_1 Pin=C25-1
Added Pin To Net: NetName=NetC25_1 Pin=U1-9
Added Pin To Net: NetName=NetC25_1 Pin=X1-1
Added Net: Name=NetC25_1
Added Pin To Net: NetName=NetC26_1 Pin=C26-1
Added Pin To Net: NetName=NetC26_1 Pin=U2-8
Added Pin To Net: NetName=NetC26_1 Pin=X2-1
Added Net: Name=NetC26_1
Added Pin To Net: NetName=NetD2_2 Pin=D2-2
Added Pin To Net: NetName=NetD2_2 Pin=D3-1
Added Pin To Net: NetName=NetD2_2 Pin=SB1-1
Added Net: Name=NetD2_2
Added Pin To Net: NetName=NetD8_2 Pin=D8-2
Added Pin To Net: NetName=NetD8_2 Pin=J1-8
Added Net: Name=NetD8_2
Added Pin To Net: NetName=NetD8_3 Pin=D8-3
Added Pin To Net: NetName=NetD8_3 Pin=J1-7
Added Net: Name=NetD8_3
Added Pin To Net: NetName=NetD10_2 Pin=D10-2
Added Pin To Net: NetName=NetD10_2 Pin=J1-6
Added Net: Name=NetD10_2
Added Pin To Net: NetName=NetD10_3 Pin=D10-3
Added Pin To Net: NetName=NetD10_3 Pin=J1-5
Added Net: Name=NetD10_3
Added Pin To Net: NetName=NetD12_2 Pin=D12-2
Added Pin To Net: NetName=NetD12_2 Pin=J1-4
Added Net: Name=NetD12_2
Added Pin To Net: NetName=NetD12_3 Pin=D12-3
Added Pin To Net: NetName=NetD12_3 Pin=J1-3
Added Net: Name=NetD12_3
Added Pin To Net: NetName=NetD13_1 Pin=D13-1
Added Pin To Net: NetName=NetD13_1 Pin=USB1-1
Added Net: Name=NetD13_1
Added Pin To Net: NetName=NetLED2_2 Pin=LED2-2
Added Pin To Net: NetName=NetLED2_2 Pin=R25-1
Added Net: Name=NetLED2_2
Added Pin To Net: NetName=NetM1_5 Pin=M1-5
Added Pin To Net: NetName=NetM1_5 Pin=SB2-2
Added Net: Name=NetM1_5
Added Pin To Net: NetName=VCC IN Pin=D7-1
Added Pin To Net: NetName=VCC IN Pin=J1-2
Added Net: Name=VCC IN
Added Member To Class: ClassName=LightStateRF Member=Component *1 AO3400
Added Member To Class: ClassName=LightStateRF Member=Component *2 AO3400
Added Member To Class: ClassName=LightStateRF Member=Component *3 Anten
Added Member To Class: ClassName=LightStateRF Member=Component *TP1 TP
Added Member To Class: ClassName=LightStateRF Member=Component *TP2 TP
Added Member To Class: ClassName=LightStateRF Member=Component B1 MP2315GJ-Z
Added Member To Class: ClassName=LightStateRF Member=Component C1 104
Added Member To Class: ClassName=LightStateRF Member=Component C2 104
Added Member To Class: ClassName=LightStateRF Member=Component C3 47UF 50V
Added Member To Class: ClassName=LightStateRF Member=Component C4 104
Added Member To Class: ClassName=LightStateRF Member=Component C5 104
Added Member To Class: ClassName=LightStateRF Member=Component C6 1000uF/16V
Added Member To Class: ClassName=LightStateRF Member=Component C7 100uF 25V 6x7MM
Added Member To Class: ClassName=LightStateRF Member=Component C8 22pF
Added Member To Class: ClassName=LightStateRF Member=Component C9 JP4
Added Member To Class: ClassName=LightStateRF Member=Component C10 104
Added Member To Class: ClassName=LightStateRF Member=Component C11 104
Added Member To Class: ClassName=LightStateRF Member=Component C12 104
Added Member To Class: ClassName=LightStateRF Member=Component C13 104
Added Member To Class: ClassName=LightStateRF Member=Component C14 104
Added Member To Class: ClassName=LightStateRF Member=Component C15 104
Added Member To Class: ClassName=LightStateRF Member=Component C16 104
Added Member To Class: ClassName=LightStateRF Member=Component C17 104
Added Member To Class: ClassName=LightStateRF Member=Component C18 104
Added Member To Class: ClassName=LightStateRF Member=Component C19 47UF 50V
Added Member To Class: ClassName=LightStateRF Member=Component C20 104
Added Member To Class: ClassName=LightStateRF Member=Component C21 104
Added Member To Class: ClassName=LightStateRF Member=Component C22 104
Added Member To Class: ClassName=LightStateRF Member=Component C23 104
Added Member To Class: ClassName=LightStateRF Member=Component C24 22
Added Member To Class: ClassName=LightStateRF Member=Component C25 104
Added Member To Class: ClassName=LightStateRF Member=Component C26 22
Added Member To Class: ClassName=LightStateRF Member=Component C27 104
Added Member To Class: ClassName=LightStateRF Member=Component D1 Diode
Added Member To Class: ClassName=LightStateRF Member=Component D2 Diode
Added Member To Class: ClassName=LightStateRF Member=Component D3 Diode
Added Member To Class: ClassName=LightStateRF Member=Component D4 Diode
Added Member To Class: ClassName=LightStateRF Member=Component D5 Diode
Added Member To Class: ClassName=LightStateRF Member=Component D6 Diode
Added Member To Class: ClassName=LightStateRF Member=Component D7 Diode
Added Member To Class: ClassName=LightStateRF Member=Component D8 DIODE BRI TYPE B
Added Member To Class: ClassName=LightStateRF Member=Component D9 Diode
Added Member To Class: ClassName=LightStateRF Member=Component D10 DIODE BRI TYPE B
Added Member To Class: ClassName=LightStateRF Member=Component D11 Diode
Added Member To Class: ClassName=LightStateRF Member=Component D12 DIODE BRI TYPE B
Added Member To Class: ClassName=LightStateRF Member=Component D13 Diode
Added Member To Class: ClassName=LightStateRF Member=Component DZ1 ZMM3.6
Added Member To Class: ClassName=LightStateRF Member=Component DZ2 ZMM3.6
Added Member To Class: ClassName=LightStateRF Member=Component DZ3 ZMM3.6
Added Member To Class: ClassName=LightStateRF Member=Component DZ4 ZMM3.6
Added Member To Class: ClassName=LightStateRF Member=Component DZ5 ZMM3.6
Added Member To Class: ClassName=LightStateRF Member=Component DZ6 ZMM3.6
Added Member To Class: ClassName=LightStateRF Member=Component J1 KF8
Added Member To Class: ClassName=LightStateRF Member=Component L1 4.2uH
Added Member To Class: ClassName=LightStateRF Member=Component L2 1.5uH
Added Member To Class: ClassName=LightStateRF Member=Component L3 1.5uH
Added Member To Class: ClassName=LightStateRF Member=Component L4 1.5uH
Added Member To Class: ClassName=LightStateRF Member=Component L5 1.5uH
Added Member To Class: ClassName=LightStateRF Member=Component L6 1.5uH
Added Member To Class: ClassName=LightStateRF Member=Component LED1 LED
Added Member To Class: ClassName=LightStateRF Member=Component LED2 LED
Added Member To Class: ClassName=LightStateRF Member=Component M1 CC1101
Added Member To Class: ClassName=LightStateRF Member=Component MU1 MPU6050
Added Member To Class: ClassName=LightStateRF Member=Component Q1 2N3904
Added Member To Class: ClassName=LightStateRF Member=Component Q2 2N3904
Added Member To Class: ClassName=LightStateRF Member=Component R1 7.5k
Added Member To Class: ClassName=LightStateRF Member=Component R2 100k
Added Member To Class: ClassName=LightStateRF Member=Component R3 20R
Added Member To Class: ClassName=LightStateRF Member=Component R4 220k
Added Member To Class: ClassName=LightStateRF Member=Component R5 680R
Added Member To Class: ClassName=LightStateRF Member=Component R6 680R
Added Member To Class: ClassName=LightStateRF Member=Component R7 75k
Added Member To Class: ClassName=LightStateRF Member=Component R8 30k
Added Member To Class: ClassName=LightStateRF Member=Component R9 24k
Added Member To Class: ClassName=LightStateRF Member=Component R10 12k
Added Member To Class: ClassName=LightStateRF Member=Component R11 12k
Added Member To Class: ClassName=LightStateRF Member=Component R12 12k
Added Member To Class: ClassName=LightStateRF Member=Component R13 12k
Added Member To Class: ClassName=LightStateRF Member=Component R14 10k
Added Member To Class: ClassName=LightStateRF Member=Component R15 10k
Added Member To Class: ClassName=LightStateRF Member=Component R16 4k7
Added Member To Class: ClassName=LightStateRF Member=Component R17 4k7
Added Member To Class: ClassName=LightStateRF Member=Component R18 4k7
Added Member To Class: ClassName=LightStateRF Member=Component R19 4k7
Added Member To Class: ClassName=LightStateRF Member=Component R20 470r
Added Member To Class: ClassName=LightStateRF Member=Component R21 10k
Added Member To Class: ClassName=LightStateRF Member=Component R22 12k
Added Member To Class: ClassName=LightStateRF Member=Component R23 10k
Added Member To Class: ClassName=LightStateRF Member=Component R24 12k
Added Member To Class: ClassName=LightStateRF Member=Component R25 470R
Added Member To Class: ClassName=LightStateRF Member=Component S1 SW
Added Member To Class: ClassName=LightStateRF Member=Component S2 SW
Added Member To Class: ClassName=LightStateRF Member=Component SB1 SB
Added Member To Class: ClassName=LightStateRF Member=Component SB2 SB_3
Added Member To Class: ClassName=LightStateRF Member=Component SC1 SuperCap
Added Member To Class: ClassName=LightStateRF Member=Component U1 ESP32 MODULE
Added Member To Class: ClassName=LightStateRF Member=Component U2 CH340G
Added Member To Class: ClassName=LightStateRF Member=Component USB1 USB_M
Added Member To Class: ClassName=LightStateRF Member=Component X1 32.768
Added Member To Class: ClassName=LightStateRF Member=Component X2 12Mhz
Added Room: Name=LightStateRF
